
 submitted a job
hostname is
chorizo
05:58:01
Zirconium
method = sample (Default)
  sample
    num_samples = 10000
    num_warmup = 3000
    save_warmup = 0 (Default)
    thin = 1 (Default)
    adapt
      engaged = 1 (Default)
      gamma = 0.050000000000000003 (Default)
      delta = 0.80000000000000004 (Default)
      kappa = 0.75 (Default)
      t0 = 10 (Default)
      init_buffer = 75 (Default)
      term_buffer = 50 (Default)
      window = 25 (Default)
    algorithm = hmc (Default)
      hmc
        engine = nuts (Default)
          nuts
            max_depth = 10 (Default)
        metric = diag_e (Default)
        metric_file =  (Default)
        stepsize = 1 (Default)
        stepsize_jitter = 0 (Default)
id = 0 (Default)
data
  file = Zr/Zr612-50.data.R
init = Zr/Zr612-50.init.R
random
  seed = 3077040255 (Default)
output
  file = Zr/Zr612-50.csv
  diagnostic_file =  (Default)
  refresh = 100 (Default)
  sig_figs = -1 (Default)
  profile_file = profile.csv (Default)


Gradient evaluation took 0.256644 seconds
1000 transitions using 10 leapfrog steps per transition would take 2566.44 seconds.
Adjust your expectations accordingly!


Iteration:     1 / 13000 [  0%]  (Warmup)
Informational Message: The current Metropolis proposal is about to be rejected because of the following issue:
Exception: zircon_all_model_namespace::log_prob: Pi is not positive definite. (in 'Zr/zircon-all.stan', line 169, column 2 to column 20)
If this warning occurs sporadically, such as for highly constrained variable types like covariance matrices, then the sampler is fine,
but if this warning occurs often then your model may be either severely ill-conditioned or misspecified.

Iteration:   100 / 13000 [  0%]  (Warmup)
Iteration:   200 / 13000 [  1%]  (Warmup)
Iteration:   300 / 13000 [  2%]  (Warmup)
Iteration:   400 / 13000 [  3%]  (Warmup)
Iteration:   500 / 13000 [  3%]  (Warmup)
Iteration:   600 / 13000 [  4%]  (Warmup)
Iteration:   700 / 13000 [  5%]  (Warmup)
Iteration:   800 / 13000 [  6%]  (Warmup)
Iteration:   900 / 13000 [  6%]  (Warmup)
Iteration:  1000 / 13000 [  7%]  (Warmup)
Iteration:  1100 / 13000 [  8%]  (Warmup)
Iteration:  1200 / 13000 [  9%]  (Warmup)
Iteration:  1300 / 13000 [ 10%]  (Warmup)
Iteration:  1400 / 13000 [ 10%]  (Warmup)
Iteration:  1500 / 13000 [ 11%]  (Warmup)
Iteration:  1600 / 13000 [ 12%]  (Warmup)
Iteration:  1700 / 13000 [ 13%]  (Warmup)
Iteration:  1800 / 13000 [ 13%]  (Warmup)
Iteration:  1900 / 13000 [ 14%]  (Warmup)
Iteration:  2000 / 13000 [ 15%]  (Warmup)
Iteration:  2100 / 13000 [ 16%]  (Warmup)
Iteration:  2200 / 13000 [ 16%]  (Warmup)
Iteration:  2300 / 13000 [ 17%]  (Warmup)
Iteration:  2400 / 13000 [ 18%]  (Warmup)
Iteration:  2500 / 13000 [ 19%]  (Warmup)
Iteration:  2600 / 13000 [ 20%]  (Warmup)
Iteration:  2700 / 13000 [ 20%]  (Warmup)
Iteration:  2800 / 13000 [ 21%]  (Warmup)
Iteration:  2900 / 13000 [ 22%]  (Warmup)
Iteration:  3000 / 13000 [ 23%]  (Warmup)
Iteration:  3001 / 13000 [ 23%]  (Sampling)
Iteration:  3100 / 13000 [ 23%]  (Sampling)
Iteration:  3200 / 13000 [ 24%]  (Sampling)
Iteration:  3300 / 13000 [ 25%]  (Sampling)
Iteration:  3400 / 13000 [ 26%]  (Sampling)
Iteration:  3500 / 13000 [ 26%]  (Sampling)
Iteration:  3600 / 13000 [ 27%]  (Sampling)
Iteration:  3700 / 13000 [ 28%]  (Sampling)
Iteration:  3800 / 13000 [ 29%]  (Sampling)
Iteration:  3900 / 13000 [ 30%]  (Sampling)
Iteration:  4000 / 13000 [ 30%]  (Sampling)
Iteration:  4100 / 13000 [ 31%]  (Sampling)
Iteration:  4200 / 13000 [ 32%]  (Sampling)
Iteration:  4300 / 13000 [ 33%]  (Sampling)
Iteration:  4400 / 13000 [ 33%]  (Sampling)
Iteration:  4500 / 13000 [ 34%]  (Sampling)
Iteration:  4600 / 13000 [ 35%]  (Sampling)
Iteration:  4700 / 13000 [ 36%]  (Sampling)
Iteration:  4800 / 13000 [ 36%]  (Sampling)
Iteration:  4900 / 13000 [ 37%]  (Sampling)
Iteration:  5000 / 13000 [ 38%]  (Sampling)
Iteration:  5100 / 13000 [ 39%]  (Sampling)
Iteration:  5200 / 13000 [ 40%]  (Sampling)
Iteration:  5300 / 13000 [ 40%]  (Sampling)
Iteration:  5400 / 13000 [ 41%]  (Sampling)
Iteration:  5500 / 13000 [ 42%]  (Sampling)
Iteration:  5600 / 13000 [ 43%]  (Sampling)
Iteration:  5700 / 13000 [ 43%]  (Sampling)
Iteration:  5800 / 13000 [ 44%]  (Sampling)
Iteration:  5900 / 13000 [ 45%]  (Sampling)
Iteration:  6000 / 13000 [ 46%]  (Sampling)
Iteration:  6100 / 13000 [ 46%]  (Sampling)
Iteration:  6200 / 13000 [ 47%]  (Sampling)
Iteration:  6300 / 13000 [ 48%]  (Sampling)
Iteration:  6400 / 13000 [ 49%]  (Sampling)
Iteration:  6500 / 13000 [ 50%]  (Sampling)
Iteration:  6600 / 13000 [ 50%]  (Sampling)
Iteration:  6700 / 13000 [ 51%]  (Sampling)
Iteration:  6800 / 13000 [ 52%]  (Sampling)
Iteration:  6900 / 13000 [ 53%]  (Sampling)
Iteration:  7000 / 13000 [ 53%]  (Sampling)
Iteration:  7100 / 13000 [ 54%]  (Sampling)
Iteration:  7200 / 13000 [ 55%]  (Sampling)
Iteration:  7300 / 13000 [ 56%]  (Sampling)
Iteration:  7400 / 13000 [ 56%]  (Sampling)
Iteration:  7500 / 13000 [ 57%]  (Sampling)
Iteration:  7600 / 13000 [ 58%]  (Sampling)
Iteration:  7700 / 13000 [ 59%]  (Sampling)
Iteration:  7800 / 13000 [ 60%]  (Sampling)
Iteration:  7900 / 13000 [ 60%]  (Sampling)
Iteration:  8000 / 13000 [ 61%]  (Sampling)
Iteration:  8100 / 13000 [ 62%]  (Sampling)
Iteration:  8200 / 13000 [ 63%]  (Sampling)
Iteration:  8300 / 13000 [ 63%]  (Sampling)
Iteration:  8400 / 13000 [ 64%]  (Sampling)
Iteration:  8500 / 13000 [ 65%]  (Sampling)
Iteration:  8600 / 13000 [ 66%]  (Sampling)
Iteration:  8700 / 13000 [ 66%]  (Sampling)
Iteration:  8800 / 13000 [ 67%]  (Sampling)
Iteration:  8900 / 13000 [ 68%]  (Sampling)
Iteration:  9000 / 13000 [ 69%]  (Sampling)
Iteration:  9100 / 13000 [ 70%]  (Sampling)
Iteration:  9200 / 13000 [ 70%]  (Sampling)
Iteration:  9300 / 13000 [ 71%]  (Sampling)
Iteration:  9400 / 13000 [ 72%]  (Sampling)
Iteration:  9500 / 13000 [ 73%]  (Sampling)
Iteration:  9600 / 13000 [ 73%]  (Sampling)
Iteration:  9700 / 13000 [ 74%]  (Sampling)
Iteration:  9800 / 13000 [ 75%]  (Sampling)
Iteration:  9900 / 13000 [ 76%]  (Sampling)
Iteration: 10000 / 13000 [ 76%]  (Sampling)
Iteration: 10100 / 13000 [ 77%]  (Sampling)
Iteration: 10200 / 13000 [ 78%]  (Sampling)
Iteration: 10300 / 13000 [ 79%]  (Sampling)
Iteration: 10400 / 13000 [ 80%]  (Sampling)
Iteration: 10500 / 13000 [ 80%]  (Sampling)
Iteration: 10600 / 13000 [ 81%]  (Sampling)
Iteration: 10700 / 13000 [ 82%]  (Sampling)
Iteration: 10800 / 13000 [ 83%]  (Sampling)
Iteration: 10900 / 13000 [ 83%]  (Sampling)
Iteration: 11000 / 13000 [ 84%]  (Sampling)
Iteration: 11100 / 13000 [ 85%]  (Sampling)
Iteration: 11200 / 13000 [ 86%]  (Sampling)
Iteration: 11300 / 13000 [ 86%]  (Sampling)
Iteration: 11400 / 13000 [ 87%]  (Sampling)
Iteration: 11500 / 13000 [ 88%]  (Sampling)
Iteration: 11600 / 13000 [ 89%]  (Sampling)
Iteration: 11700 / 13000 [ 90%]  (Sampling)
Iteration: 11800 / 13000 [ 90%]  (Sampling)
Iteration: 11900 / 13000 [ 91%]  (Sampling)
Iteration: 12000 / 13000 [ 92%]  (Sampling)
Iteration: 12100 / 13000 [ 93%]  (Sampling)
Iteration: 12200 / 13000 [ 93%]  (Sampling)
Iteration: 12300 / 13000 [ 94%]  (Sampling)
Iteration: 12400 / 13000 [ 95%]  (Sampling)
Iteration: 12500 / 13000 [ 96%]  (Sampling)
Iteration: 12600 / 13000 [ 96%]  (Sampling)
Iteration: 12700 / 13000 [ 97%]  (Sampling)
Iteration: 12800 / 13000 [ 98%]  (Sampling)
Iteration: 12900 / 13000 [ 99%]  (Sampling)
Iteration: 13000 / 13000 [100%]  (Sampling)

 Elapsed Time: 56917.1 seconds (Warm-up)
               151655 seconds (Sampling)
               208572 seconds (Total)

15:54:15
