method = sample (Default)
  sample
    num_samples = 15000
    num_warmup = 4000
    save_warmup = 0 (Default)
    thin = 1 (Default)
    adapt
      engaged = 1 (Default)
      gamma = 0.050000000000000003 (Default)
      delta = 0.80000000000000004 (Default)
      kappa = 0.75 (Default)
      t0 = 10 (Default)
      init_buffer = 75 (Default)
      term_buffer = 50 (Default)
      window = 25 (Default)
    algorithm = hmc (Default)
      hmc
        engine = nuts (Default)
          nuts
            max_depth = 10 (Default)
        metric = diag_e (Default)
        metric_file =  (Default)
        stepsize = 1 (Default)
        stepsize_jitter = 0 (Default)
id = 0 (Default)
data
  file = Zr/Zr_10.data.R
init = Zr/Zr_10.init.R
random
  seed = 770263928 (Default)
output
  file = Zr/Zr_10.csv
  diagnostic_file =  (Default)
  refresh = 100 (Default)
  sig_figs = -1 (Default)
  profile_file = profile.csv (Default)


Gradient evaluation took 0.070442 seconds
1000 transitions using 10 leapfrog steps per transition would take 704.42 seconds.
Adjust your expectations accordingly!


Informational Message: The current Metropolis proposal is about to be rejected because of the following issue:
Exception: zircon_ind_model_namespace::log_prob: Pi is not positive definite. (in 'Zr/zircon-ind.stan', line 98, column 4 to column 22)
If this warning occurs sporadically, such as for highly constrained variable types like covariance matrices, then the sampler is fine,
but if this warning occurs often then your model may be either severely ill-conditioned or misspecified.

Iteration:     1 / 19000 [  0%]  (Warmup)
Informational Message: The current Metropolis proposal is about to be rejected because of the following issue:
Exception: zircon_ind_model_namespace::log_prob: Pi is not positive definite. (in 'Zr/zircon-ind.stan', line 98, column 4 to column 22)
If this warning occurs sporadically, such as for highly constrained variable types like covariance matrices, then the sampler is fine,
but if this warning occurs often then your model may be either severely ill-conditioned or misspecified.

Informational Message: The current Metropolis proposal is about to be rejected because of the following issue:
Exception: zircon_ind_model_namespace::log_prob: Pi is not positive definite. (in 'Zr/zircon-ind.stan', line 98, column 4 to column 22)
If this warning occurs sporadically, such as for highly constrained variable types like covariance matrices, then the sampler is fine,
but if this warning occurs often then your model may be either severely ill-conditioned or misspecified.

Iteration:   100 / 19000 [  0%]  (Warmup)
Iteration:   200 / 19000 [  1%]  (Warmup)
Iteration:   300 / 19000 [  1%]  (Warmup)
Iteration:   400 / 19000 [  2%]  (Warmup)
Iteration:   500 / 19000 [  2%]  (Warmup)
Iteration:   600 / 19000 [  3%]  (Warmup)
Iteration:   700 / 19000 [  3%]  (Warmup)
Iteration:   800 / 19000 [  4%]  (Warmup)
Iteration:   900 / 19000 [  4%]  (Warmup)
Iteration:  1000 / 19000 [  5%]  (Warmup)
Iteration:  1100 / 19000 [  5%]  (Warmup)
Iteration:  1200 / 19000 [  6%]  (Warmup)
Iteration:  1300 / 19000 [  6%]  (Warmup)
Iteration:  1400 / 19000 [  7%]  (Warmup)
Iteration:  1500 / 19000 [  7%]  (Warmup)
Iteration:  1600 / 19000 [  8%]  (Warmup)
Iteration:  1700 / 19000 [  8%]  (Warmup)
Iteration:  1800 / 19000 [  9%]  (Warmup)
Iteration:  1900 / 19000 [ 10%]  (Warmup)
Iteration:  2000 / 19000 [ 10%]  (Warmup)
Iteration:  2100 / 19000 [ 11%]  (Warmup)
Iteration:  2200 / 19000 [ 11%]  (Warmup)
Iteration:  2300 / 19000 [ 12%]  (Warmup)
Iteration:  2400 / 19000 [ 12%]  (Warmup)
Iteration:  2500 / 19000 [ 13%]  (Warmup)
Iteration:  2600 / 19000 [ 13%]  (Warmup)
Iteration:  2700 / 19000 [ 14%]  (Warmup)
Iteration:  2800 / 19000 [ 14%]  (Warmup)
Iteration:  2900 / 19000 [ 15%]  (Warmup)
Iteration:  3000 / 19000 [ 15%]  (Warmup)
Iteration:  3100 / 19000 [ 16%]  (Warmup)
Iteration:  3200 / 19000 [ 16%]  (Warmup)
Iteration:  3300 / 19000 [ 17%]  (Warmup)
Iteration:  3400 / 19000 [ 17%]  (Warmup)
Iteration:  3500 / 19000 [ 18%]  (Warmup)
Iteration:  3600 / 19000 [ 18%]  (Warmup)
Iteration:  3700 / 19000 [ 19%]  (Warmup)
Iteration:  3800 / 19000 [ 20%]  (Warmup)
Iteration:  3900 / 19000 [ 20%]  (Warmup)
Iteration:  4000 / 19000 [ 21%]  (Warmup)
Iteration:  4001 / 19000 [ 21%]  (Sampling)
Iteration:  4100 / 19000 [ 21%]  (Sampling)
Iteration:  4200 / 19000 [ 22%]  (Sampling)
Iteration:  4300 / 19000 [ 22%]  (Sampling)
Iteration:  4400 / 19000 [ 23%]  (Sampling)
Iteration:  4500 / 19000 [ 23%]  (Sampling)
Iteration:  4600 / 19000 [ 24%]  (Sampling)
Iteration:  4700 / 19000 [ 24%]  (Sampling)
Iteration:  4800 / 19000 [ 25%]  (Sampling)
Iteration:  4900 / 19000 [ 25%]  (Sampling)
Iteration:  5000 / 19000 [ 26%]  (Sampling)
Iteration:  5100 / 19000 [ 26%]  (Sampling)
Iteration:  5200 / 19000 [ 27%]  (Sampling)
Iteration:  5300 / 19000 [ 27%]  (Sampling)
Iteration:  5400 / 19000 [ 28%]  (Sampling)
Iteration:  5500 / 19000 [ 28%]  (Sampling)
Iteration:  5600 / 19000 [ 29%]  (Sampling)
Iteration:  5700 / 19000 [ 30%]  (Sampling)
Iteration:  5800 / 19000 [ 30%]  (Sampling)
Iteration:  5900 / 19000 [ 31%]  (Sampling)
Iteration:  6000 / 19000 [ 31%]  (Sampling)
Iteration:  6100 / 19000 [ 32%]  (Sampling)
Iteration:  6200 / 19000 [ 32%]  (Sampling)
Iteration:  6300 / 19000 [ 33%]  (Sampling)
Iteration:  6400 / 19000 [ 33%]  (Sampling)
Iteration:  6500 / 19000 [ 34%]  (Sampling)
Iteration:  6600 / 19000 [ 34%]  (Sampling)
Iteration:  6700 / 19000 [ 35%]  (Sampling)
Iteration:  6800 / 19000 [ 35%]  (Sampling)
Iteration:  6900 / 19000 [ 36%]  (Sampling)
Iteration:  7000 / 19000 [ 36%]  (Sampling)
Iteration:  7100 / 19000 [ 37%]  (Sampling)
Iteration:  7200 / 19000 [ 37%]  (Sampling)
Iteration:  7300 / 19000 [ 38%]  (Sampling)
Iteration:  7400 / 19000 [ 38%]  (Sampling)
Iteration:  7500 / 19000 [ 39%]  (Sampling)
Iteration:  7600 / 19000 [ 40%]  (Sampling)
Iteration:  7700 / 19000 [ 40%]  (Sampling)
Iteration:  7800 / 19000 [ 41%]  (Sampling)
Iteration:  7900 / 19000 [ 41%]  (Sampling)
Iteration:  8000 / 19000 [ 42%]  (Sampling)
Iteration:  8100 / 19000 [ 42%]  (Sampling)
Iteration:  8200 / 19000 [ 43%]  (Sampling)
Iteration:  8300 / 19000 [ 43%]  (Sampling)
Iteration:  8400 / 19000 [ 44%]  (Sampling)
Iteration:  8500 / 19000 [ 44%]  (Sampling)
Iteration:  8600 / 19000 [ 45%]  (Sampling)
Iteration:  8700 / 19000 [ 45%]  (Sampling)
Iteration:  8800 / 19000 [ 46%]  (Sampling)
Iteration:  8900 / 19000 [ 46%]  (Sampling)
Iteration:  9000 / 19000 [ 47%]  (Sampling)
Iteration:  9100 / 19000 [ 47%]  (Sampling)
Iteration:  9200 / 19000 [ 48%]  (Sampling)
Iteration:  9300 / 19000 [ 48%]  (Sampling)
Iteration:  9400 / 19000 [ 49%]  (Sampling)
Iteration:  9500 / 19000 [ 50%]  (Sampling)
Iteration:  9600 / 19000 [ 50%]  (Sampling)
Iteration:  9700 / 19000 [ 51%]  (Sampling)
Iteration:  9800 / 19000 [ 51%]  (Sampling)
Iteration:  9900 / 19000 [ 52%]  (Sampling)
Iteration: 10000 / 19000 [ 52%]  (Sampling)
Iteration: 10100 / 19000 [ 53%]  (Sampling)
Iteration: 10200 / 19000 [ 53%]  (Sampling)
Iteration: 10300 / 19000 [ 54%]  (Sampling)
Iteration: 10400 / 19000 [ 54%]  (Sampling)
Iteration: 10500 / 19000 [ 55%]  (Sampling)
Iteration: 10600 / 19000 [ 55%]  (Sampling)
Iteration: 10700 / 19000 [ 56%]  (Sampling)
Iteration: 10800 / 19000 [ 56%]  (Sampling)
Iteration: 10900 / 19000 [ 57%]  (Sampling)
Iteration: 11000 / 19000 [ 57%]  (Sampling)
Iteration: 11100 / 19000 [ 58%]  (Sampling)
Iteration: 11200 / 19000 [ 58%]  (Sampling)
Iteration: 11300 / 19000 [ 59%]  (Sampling)
Iteration: 11400 / 19000 [ 60%]  (Sampling)
Iteration: 11500 / 19000 [ 60%]  (Sampling)
Iteration: 11600 / 19000 [ 61%]  (Sampling)
Iteration: 11700 / 19000 [ 61%]  (Sampling)
Iteration: 11800 / 19000 [ 62%]  (Sampling)
Iteration: 11900 / 19000 [ 62%]  (Sampling)
Iteration: 12000 / 19000 [ 63%]  (Sampling)
Iteration: 12100 / 19000 [ 63%]  (Sampling)
Iteration: 12200 / 19000 [ 64%]  (Sampling)
Iteration: 12300 / 19000 [ 64%]  (Sampling)
Iteration: 12400 / 19000 [ 65%]  (Sampling)
Iteration: 12500 / 19000 [ 65%]  (Sampling)
Iteration: 12600 / 19000 [ 66%]  (Sampling)
Iteration: 12700 / 19000 [ 66%]  (Sampling)
Iteration: 12800 / 19000 [ 67%]  (Sampling)
Iteration: 12900 / 19000 [ 67%]  (Sampling)
Iteration: 13000 / 19000 [ 68%]  (Sampling)
Iteration: 13100 / 19000 [ 68%]  (Sampling)
Iteration: 13200 / 19000 [ 69%]  (Sampling)
Iteration: 13300 / 19000 [ 70%]  (Sampling)
Iteration: 13400 / 19000 [ 70%]  (Sampling)
Iteration: 13500 / 19000 [ 71%]  (Sampling)
Iteration: 13600 / 19000 [ 71%]  (Sampling)
Iteration: 13700 / 19000 [ 72%]  (Sampling)
Iteration: 13800 / 19000 [ 72%]  (Sampling)
Iteration: 13900 / 19000 [ 73%]  (Sampling)
Iteration: 14000 / 19000 [ 73%]  (Sampling)
Iteration: 14100 / 19000 [ 74%]  (Sampling)
Iteration: 14200 / 19000 [ 74%]  (Sampling)
Iteration: 14300 / 19000 [ 75%]  (Sampling)
Iteration: 14400 / 19000 [ 75%]  (Sampling)
Iteration: 14500 / 19000 [ 76%]  (Sampling)
Iteration: 14600 / 19000 [ 76%]  (Sampling)
Iteration: 14700 / 19000 [ 77%]  (Sampling)
Iteration: 14800 / 19000 [ 77%]  (Sampling)
Iteration: 14900 / 19000 [ 78%]  (Sampling)
Iteration: 15000 / 19000 [ 78%]  (Sampling)
Iteration: 15100 / 19000 [ 79%]  (Sampling)
Iteration: 15200 / 19000 [ 80%]  (Sampling)
Iteration: 15300 / 19000 [ 80%]  (Sampling)
Iteration: 15400 / 19000 [ 81%]  (Sampling)
Iteration: 15500 / 19000 [ 81%]  (Sampling)
Iteration: 15600 / 19000 [ 82%]  (Sampling)
Iteration: 15700 / 19000 [ 82%]  (Sampling)
Iteration: 15800 / 19000 [ 83%]  (Sampling)
Iteration: 15900 / 19000 [ 83%]  (Sampling)
Iteration: 16000 / 19000 [ 84%]  (Sampling)
Iteration: 16100 / 19000 [ 84%]  (Sampling)
Iteration: 16200 / 19000 [ 85%]  (Sampling)
Iteration: 16300 / 19000 [ 85%]  (Sampling)
Iteration: 16400 / 19000 [ 86%]  (Sampling)
Iteration: 16500 / 19000 [ 86%]  (Sampling)
Iteration: 16600 / 19000 [ 87%]  (Sampling)
Iteration: 16700 / 19000 [ 87%]  (Sampling)
Iteration: 16800 / 19000 [ 88%]  (Sampling)
Iteration: 16900 / 19000 [ 88%]  (Sampling)
Iteration: 17000 / 19000 [ 89%]  (Sampling)
Iteration: 17100 / 19000 [ 90%]  (Sampling)
Iteration: 17200 / 19000 [ 90%]  (Sampling)
Iteration: 17300 / 19000 [ 91%]  (Sampling)
Iteration: 17400 / 19000 [ 91%]  (Sampling)
Iteration: 17500 / 19000 [ 92%]  (Sampling)
Iteration: 17600 / 19000 [ 92%]  (Sampling)
Iteration: 17700 / 19000 [ 93%]  (Sampling)
Iteration: 17800 / 19000 [ 93%]  (Sampling)
Iteration: 17900 / 19000 [ 94%]  (Sampling)
Iteration: 18000 / 19000 [ 94%]  (Sampling)
Iteration: 18100 / 19000 [ 95%]  (Sampling)
Iteration: 18200 / 19000 [ 95%]  (Sampling)
Iteration: 18300 / 19000 [ 96%]  (Sampling)
Iteration: 18400 / 19000 [ 96%]  (Sampling)
Iteration: 18500 / 19000 [ 97%]  (Sampling)
Iteration: 18600 / 19000 [ 97%]  (Sampling)
Iteration: 18700 / 19000 [ 98%]  (Sampling)
Iteration: 18800 / 19000 [ 98%]  (Sampling)
Iteration: 18900 / 19000 [ 99%]  (Sampling)
Iteration: 19000 / 19000 [100%]  (Sampling)

 Elapsed Time: 8084.07 seconds (Warm-up)
               33103.2 seconds (Sampling)
               41187.3 seconds (Total)

method = optimize
  optimize
    algorithm = lbfgs (Default)
      lbfgs
        init_alpha = 0.001 (Default)
        tol_obj = 9.9999999999999998e-13 (Default)
        tol_rel_obj = 10000 (Default)
        tol_grad = 1e-08 (Default)
        tol_rel_grad = 10000000 (Default)
        tol_param = 1e-08 (Default)
        history_size = 5 (Default)
    iter = 2000 (Default)
    save_iterations = 0 (Default)
id = 0 (Default)
data
  file = Zr/Zr_10.data.R
init = Zr/Zr_10.init.R
random
  seed = 811451825 (Default)
output
  file = Zr/Zr_10opt.csv
  diagnostic_file =  (Default)
  refresh = 100 (Default)
  sig_figs = -1 (Default)
  profile_file = profile.csv (Default)

Initial log joint probability = -17.9915
    Iter      log prob        ||dx||      ||grad||       alpha      alpha0  # evals  Notes 
      99       155.044    0.00700305      0.562046           1           1      135   
    Iter      log prob        ||dx||      ||grad||       alpha      alpha0  # evals  Notes 
     191       155.048    0.00022474     0.0150619           1           1      238   
Optimization terminated normally: 
  Convergence detected: relative gradient magnitude is below tolerance
